[debug] [2022-04-25T05:05:58.519Z] ----------------------------------------------------------------------
[debug] [2022-04-25T05:05:58.521Z] Command:       C:\Program Files\nodejs\node.exe C:\Users\ajayc\AppData\Roaming\npm\node_modules\firebase-tools\lib\bin\firebase.js deploy
[debug] [2022-04-25T05:05:58.521Z] CLI Version:   10.7.1
[debug] [2022-04-25T05:05:58.521Z] Platform:      win32
[debug] [2022-04-25T05:05:58.521Z] Node Version:  v16.14.0
[debug] [2022-04-25T05:05:58.522Z] Time:          Mon Apr 25 2022 10:35:58 GMT+0530 (India Standard Time)
[debug] [2022-04-25T05:05:58.522Z] ----------------------------------------------------------------------
[debug] 
[debug] [2022-04-25T05:05:58.525Z] >>> [apiv2][query] GET https://firebase-public.firebaseio.com/cli.json [none]
[debug] [2022-04-25T05:05:58.588Z] > command requires scopes: ["email","openid","https://www.googleapis.com/auth/cloudplatformprojects.readonly","https://www.googleapis.com/auth/firebase","https://www.googleapis.com/auth/cloud-platform"]
[debug] [2022-04-25T05:05:58.589Z] > authorizing via signed-in user (ajaychagam@gmail.com)
[debug] [2022-04-25T05:05:58.589Z] [iam] checking project ifelseloop-31e6f for permissions ["firebase.projects.get","firebasehosting.sites.update"]
[debug] [2022-04-25T05:05:58.589Z] > refreshing access token with scopes: []
[debug] [2022-04-25T05:05:58.590Z] >>> HTTP REQUEST POST https://www.googleapis.com/oauth2/v3/token  
 <request body omitted>
[debug] [2022-04-25T05:05:58.739Z] <<< HTTP RESPONSE 200 {"date":"Mon, 25 Apr 2022 05:06:08 GMT","cache-control":"no-cache, no-store, max-age=0, must-revalidate","expires":"Mon, 01 Jan 1990 00:00:00 GMT","pragma":"no-cache","content-type":"application/json; charset=utf-8","vary":"X-Origin, Referer, Origin,Accept-Encoding","server":"scaffolding on HTTPServer2","x-xss-protection":"0","x-frame-options":"SAMEORIGIN","x-content-type-options":"nosniff","alt-svc":"h3=\":443\"; ma=2592000,h3-29=\":443\"; ma=2592000,h3-Q050=\":443\"; ma=2592000,h3-Q046=\":443\"; ma=2592000,h3-Q043=\":443\"; ma=2592000,quic=\":443\"; ma=2592000; v=\"46,43\"","accept-ranges":"none","transfer-encoding":"chunked"}
[debug] [2022-04-25T05:05:58.756Z] >>> [apiv2][query] POST https://cloudresourcemanager.googleapis.com/v1/projects/ifelseloop-31e6f:testIamPermissions [none]
[debug] [2022-04-25T05:05:58.756Z] >>> [apiv2][body] POST https://cloudresourcemanager.googleapis.com/v1/projects/ifelseloop-31e6f:testIamPermissions {"permissions":["firebase.projects.get","firebasehosting.sites.update"]}
[debug] [2022-04-25T05:05:59.325Z] <<< [apiv2][status] GET https://firebase-public.firebaseio.com/cli.json 200
[debug] [2022-04-25T05:05:59.325Z] <<< [apiv2][body] GET https://firebase-public.firebaseio.com/cli.json {"cloudBuildErrorAfter":1594252800000,"cloudBuildWarnAfter":1590019200000,"defaultNode10After":1594252800000,"minVersion":"3.0.5","node8DeploysDisabledAfter":1613390400000,"node8RuntimeDisabledAfter":1615809600000,"node8WarnAfter":1600128000000}
[debug] [2022-04-25T05:05:59.978Z] <<< [apiv2][status] POST https://cloudresourcemanager.googleapis.com/v1/projects/ifelseloop-31e6f:testIamPermissions 200
[debug] [2022-04-25T05:05:59.978Z] <<< [apiv2][body] POST https://cloudresourcemanager.googleapis.com/v1/projects/ifelseloop-31e6f:testIamPermissions {"permissions":["firebase.projects.get","firebasehosting.sites.update"]}
[debug] [2022-04-25T05:05:59.979Z] >>> [apiv2][query] GET https://firebase.googleapis.com/v1beta1/projects/ifelseloop-31e6f [none]
[debug] [2022-04-25T05:06:00.398Z] <<< [apiv2][status] GET https://firebase.googleapis.com/v1beta1/projects/ifelseloop-31e6f 200
[debug] [2022-04-25T05:06:00.398Z] <<< [apiv2][body] GET https://firebase.googleapis.com/v1beta1/projects/ifelseloop-31e6f {"projectId":"ifelseloop-31e6f","projectNumber":"502759354499","displayName":"ifelseloop","name":"projects/ifelseloop-31e6f","resources":{"hostingSite":"ifelseloop-31e6f","realtimeDatabaseInstance":"ifelseloop-31e6f","storageBucket":"ifelseloop-31e6f.appspot.com","locationId":"us-central"},"state":"ACTIVE"}
[info] 
[info] === Deploying to 'ifelseloop-31e6f'...
[info] 
[info] i  deploying hosting 
[debug] [2022-04-25T05:06:00.401Z] >>> [apiv2][query] GET https://firebase.googleapis.com/v1beta1/projects/ifelseloop-31e6f [none]
[debug] [2022-04-25T05:06:00.759Z] <<< [apiv2][status] GET https://firebase.googleapis.com/v1beta1/projects/ifelseloop-31e6f 200
[debug] [2022-04-25T05:06:00.759Z] <<< [apiv2][body] GET https://firebase.googleapis.com/v1beta1/projects/ifelseloop-31e6f {"projectId":"ifelseloop-31e6f","projectNumber":"502759354499","displayName":"ifelseloop","name":"projects/ifelseloop-31e6f","resources":{"hostingSite":"ifelseloop-31e6f","realtimeDatabaseInstance":"ifelseloop-31e6f","storageBucket":"ifelseloop-31e6f.appspot.com","locationId":"us-central"},"state":"ACTIVE"}
[debug] [2022-04-25T05:06:00.761Z] >>> [apiv2][query] POST https://firebasehosting.googleapis.com/v1beta1/projects/502759354499/sites/ifelseloop-31e6f/versions [none]
[debug] [2022-04-25T05:06:00.761Z] >>> [apiv2][body] POST https://firebasehosting.googleapis.com/v1beta1/projects/502759354499/sites/ifelseloop-31e6f/versions {"config":{},"labels":{"deployment-tool":"cli-firebase"}}
[debug] [2022-04-25T05:06:02.503Z] <<< [apiv2][status] POST https://firebasehosting.googleapis.com/v1beta1/projects/502759354499/sites/ifelseloop-31e6f/versions 200
[debug] [2022-04-25T05:06:02.503Z] <<< [apiv2][body] POST https://firebasehosting.googleapis.com/v1beta1/projects/502759354499/sites/ifelseloop-31e6f/versions {"name":"projects/502759354499/sites/ifelseloop-31e6f/versions/76722e1b4fe203a3","status":"CREATED","config":{},"labels":{"deployment-tool":"cli-firebase"}}
[info] i  hosting[ifelseloop-31e6f]: beginning deploy... 
[info] i  hosting[ifelseloop-31e6f]: found 23 files in dist/ajay_protfolia 
[debug] [2022-04-25T05:06:02.511Z] [hosting] uploading with 200 concurrency
[debug] [2022-04-25T05:06:02.527Z] [hosting] hash cache [ZGlzdFxhamF5X3Byb3Rmb2xpYQ] stored for 23 files
[debug] [2022-04-25T05:06:02.527Z] [hosting][hash queue][FINAL] {"max":11,"min":0,"avg":1.565217391304348,"active":0,"complete":23,"success":23,"errored":0,"retried":0,"total":23,"elapsed":15}
[debug] [2022-04-25T05:06:02.527Z] >>> [apiv2][query] POST https://firebasehosting.googleapis.com/v1beta1/projects/502759354499/sites/ifelseloop-31e6f/versions/76722e1b4fe203a3:populateFiles [none]
[debug] [2022-04-25T05:06:02.527Z] >>> [apiv2][body] POST https://firebasehosting.googleapis.com/v1beta1/projects/502759354499/sites/ifelseloop-31e6f/versions/76722e1b4fe203a3:populateFiles {"files":{"/favicon.ico":"2c19690e9587bae12f419b34d2edeecc76808099540a9c9f4ea6194116cfc8f7","/assets/active_accreditation.png":"864b48fa2f98995db8f586d8e8bac52a8eeea924dfc34e3ec4246243f7bdb208","/assets/ajay.png":"180de48d9f3cec5e5eced9ff97e45187d52d94a3744e660d47edd6075d88ed9c","/assets/ajay2.png":"4b6ee0bb4e509020b18c6e7dcbdb72e6a600b30c62a674b1e3552937a86a131b","/assets/ajay_resume.pdf":"d44d71ac51b5cb992e8c1673f5e7ae1d49c2665d8e144d3c804a3a2ec146044c","/assets/bankofamerica.png":"dc9bca2870108d1d40c12a8522f3d926eb6d676e448fca1489c65c7c2b54e47c","/assets/bg1.jpg":"383ec6975575fa4105f255ac3c08d34675683c7a6ef740d098637246934e61d8","/assets/bg2.jpg":"29eeeebe8f0f5f99856bf1062197ae22fe2fb7dac673f20f5715f689227f685b","/assets/bluesurge.png":"c38acde9fe8f4c257d49b7312749501fe2a04e4b65c134e29424a3c081427478","/assets/infor.png":"eab6da9714af2d475c78a9758fa1f86d6718706a64b47f617ca8baf33275a76f","/assets/kinny.png":"065a9df93ac48e8397a61d6b53a9e9bd109458b3a2124be3af735ce8b00ce34a","/assets/work1.jpg":"749d1e452930a31597a98803fdbccf100840eb86dd3c7872ac0a94d1c2b43501","/assets/work2.jpg":"6474e00f1bfc65911fcdf97f5ad3d8ed7d1486d8a39f44dd06688008d9a39aee","/assets/work3.jpg":"4d1b7bc8cc8b2f25210989baa6307aba506c8bb6bff7c14d27155cddc864ec09","/assets/work4.jpg":"b9288aa9e7af7b87b9baf67caeca5d556426cbbe1eb9d8bf234297963be4d6ae","/assets/work5.jpg":"2640aece3622f2ccd7631200054ee56f8c264dab15857c855b882802e7168b82","/assets/work6.jpg":"c00967fe8e076631cde1816b21017dc3952e10de02f45b0f86fc5ee14d3cd6fd","/runtime.5ccf79c997ab4bd5.js":"39be3d5e0f4552053cd9c8430347d335deff4696e436f294b22aba7d680b974f","/3rdpartylicenses.txt":"7eeecc9e1ec032e002541a9f5593591bdab99ac80a0dcfb4396622b1f56e72b8","/styles.3d6fd9bd8dbd71c0.css":"e6f5b1aed8f06f474f1e838ab20bc3ea17d3f21aa7c3ed89377966eddf9b3e05","/polyfills.16885630c2ea21b0.js":"e596b8d57d4fe7150a4d645b6b8f873ef7ff7d396be9dd272ec93c279ca741f2","/index.html":"6b51de95d33af3c0f4529fe24b5a37bd9ca7c9411713f947ebf00ff275f1da91","/main.c507df6d2283e671.js":"59bddf36399cee258d85ed072bdef73232c5b658ea1a2e6fecbb833a01f552d5"}}
